2019-04-01 14:11:08,539 INFO 4845 [egg-schedule]: register schedule /Users/yangfan/Desktop/yf/my-mall/mall-service/node_modules/egg-logrotator/app/schedule/clean_log.js
2019-04-01 14:11:08,539 INFO 4845 [egg-schedule]: register schedule /Users/yangfan/Desktop/yf/my-mall/mall-service/node_modules/egg-logrotator/app/schedule/rotate_by_file.js
2019-04-01 14:11:09,222 INFO 4844 [Timer] /Users/yangfan/Desktop/yf/my-mall/mall-service/node_modules/egg-logrotator/app/schedule/clean_log.js next time will execute after 35330780ms at 2019-04-02 00:00:00.002
2019-04-01 14:11:09,223 INFO 4844 [Timer] /Users/yangfan/Desktop/yf/my-mall/mall-service/node_modules/egg-logrotator/app/schedule/rotate_by_file.js next time will execute after 35331777ms at 2019-04-02 00:00:01.000
2019-04-01 14:16:06,573 INFO 4861 [egg-schedule]: register schedule /Users/yangfan/Desktop/yf/my-mall/mall-service/node_modules/egg-logrotator/app/schedule/clean_log.js
2019-04-01 14:16:06,573 INFO 4861 [egg-schedule]: register schedule /Users/yangfan/Desktop/yf/my-mall/mall-service/node_modules/egg-logrotator/app/schedule/rotate_by_file.js
2019-04-01 14:48:38,808 INFO 5576 [egg-schedule]: register schedule /Users/yangfan/Desktop/yf/my-mall/mall-service/node_modules/egg-logrotator/app/schedule/clean_log.js
2019-04-01 14:48:38,808 INFO 5576 [egg-schedule]: register schedule /Users/yangfan/Desktop/yf/my-mall/mall-service/node_modules/egg-logrotator/app/schedule/rotate_by_file.js
2019-04-01 14:48:58,300 INFO 5583 [egg-schedule]: register schedule /Users/yangfan/Desktop/yf/my-mall/mall-service/node_modules/egg-logrotator/app/schedule/clean_log.js
2019-04-01 14:48:58,300 INFO 5583 [egg-schedule]: register schedule /Users/yangfan/Desktop/yf/my-mall/mall-service/node_modules/egg-logrotator/app/schedule/rotate_by_file.js
2019-04-01 14:49:03,123 INFO 5585 [egg-schedule]: register schedule /Users/yangfan/Desktop/yf/my-mall/mall-service/node_modules/egg-logrotator/app/schedule/clean_log.js
2019-04-01 14:49:03,123 INFO 5585 [egg-schedule]: register schedule /Users/yangfan/Desktop/yf/my-mall/mall-service/node_modules/egg-logrotator/app/schedule/rotate_by_file.js
2019-04-01 14:49:10,448 INFO 5591 [egg-schedule]: register schedule /Users/yangfan/Desktop/yf/my-mall/mall-service/node_modules/egg-logrotator/app/schedule/clean_log.js
2019-04-01 14:49:10,448 INFO 5591 [egg-schedule]: register schedule /Users/yangfan/Desktop/yf/my-mall/mall-service/node_modules/egg-logrotator/app/schedule/rotate_by_file.js
2019-04-01 14:50:17,247 INFO 5598 [egg-schedule]: register schedule /Users/yangfan/Desktop/yf/my-mall/mall-service/node_modules/egg-logrotator/app/schedule/clean_log.js
2019-04-01 14:50:17,247 INFO 5598 [egg-schedule]: register schedule /Users/yangfan/Desktop/yf/my-mall/mall-service/node_modules/egg-logrotator/app/schedule/rotate_by_file.js
2019-04-01 14:50:44,091 INFO 5605 [egg-schedule]: register schedule /Users/yangfan/Desktop/yf/my-mall/mall-service/node_modules/egg-logrotator/app/schedule/clean_log.js
2019-04-01 14:50:44,091 INFO 5605 [egg-schedule]: register schedule /Users/yangfan/Desktop/yf/my-mall/mall-service/node_modules/egg-logrotator/app/schedule/rotate_by_file.js
2019-04-01 14:51:41,436 INFO 5620 [egg-schedule]: register schedule /Users/yangfan/Desktop/yf/my-mall/mall-service/node_modules/egg-logrotator/app/schedule/clean_log.js
2019-04-01 14:51:41,436 INFO 5620 [egg-schedule]: register schedule /Users/yangfan/Desktop/yf/my-mall/mall-service/node_modules/egg-logrotator/app/schedule/rotate_by_file.js
2019-04-01 14:52:29,587 INFO 5627 [egg-schedule]: register schedule /Users/yangfan/Desktop/yf/my-mall/mall-service/node_modules/egg-logrotator/app/schedule/clean_log.js
2019-04-01 14:52:29,587 INFO 5627 [egg-schedule]: register schedule /Users/yangfan/Desktop/yf/my-mall/mall-service/node_modules/egg-logrotator/app/schedule/rotate_by_file.js
2019-04-01 14:52:31,083 INFO 5628 [egg-schedule]: register schedule /Users/yangfan/Desktop/yf/my-mall/mall-service/node_modules/egg-logrotator/app/schedule/clean_log.js
2019-04-01 14:52:31,083 INFO 5628 [egg-schedule]: register schedule /Users/yangfan/Desktop/yf/my-mall/mall-service/node_modules/egg-logrotator/app/schedule/rotate_by_file.js
2019-04-01 14:53:11,232 INFO 5640 [egg-schedule]: register schedule /Users/yangfan/Desktop/yf/my-mall/mall-service/node_modules/egg-logrotator/app/schedule/clean_log.js
2019-04-01 14:53:11,232 INFO 5640 [egg-schedule]: register schedule /Users/yangfan/Desktop/yf/my-mall/mall-service/node_modules/egg-logrotator/app/schedule/rotate_by_file.js
2019-04-01 14:59:44,798 INFO 5680 [egg-schedule]: register schedule /Users/yangfan/Desktop/yf/my-mall/mall-service/node_modules/egg-logrotator/app/schedule/clean_log.js
2019-04-01 14:59:44,798 INFO 5680 [egg-schedule]: register schedule /Users/yangfan/Desktop/yf/my-mall/mall-service/node_modules/egg-logrotator/app/schedule/rotate_by_file.js
2019-04-01 15:08:37,856 INFO 5724 [egg-schedule]: register schedule /Users/yangfan/Desktop/yf/my-mall/mall-service/node_modules/egg-logrotator/app/schedule/clean_log.js
2019-04-01 15:08:37,856 INFO 5724 [egg-schedule]: register schedule /Users/yangfan/Desktop/yf/my-mall/mall-service/node_modules/egg-logrotator/app/schedule/rotate_by_file.js
2019-04-01 15:08:39,437 INFO 5726 [egg-schedule]: register schedule /Users/yangfan/Desktop/yf/my-mall/mall-service/node_modules/egg-logrotator/app/schedule/clean_log.js
2019-04-01 15:08:39,437 INFO 5726 [egg-schedule]: register schedule /Users/yangfan/Desktop/yf/my-mall/mall-service/node_modules/egg-logrotator/app/schedule/rotate_by_file.js
2019-04-01 15:11:31,092 INFO 5746 [egg-schedule]: register schedule /Users/yangfan/Desktop/yf/my-mall/mall-service/node_modules/egg-logrotator/app/schedule/clean_log.js
2019-04-01 15:11:31,092 INFO 5746 [egg-schedule]: register schedule /Users/yangfan/Desktop/yf/my-mall/mall-service/node_modules/egg-logrotator/app/schedule/rotate_by_file.js
2019-04-01 15:13:40,639 INFO 5758 [egg-schedule]: register schedule /Users/yangfan/Desktop/yf/my-mall/mall-service/node_modules/egg-logrotator/app/schedule/clean_log.js
2019-04-01 15:13:40,639 INFO 5758 [egg-schedule]: register schedule /Users/yangfan/Desktop/yf/my-mall/mall-service/node_modules/egg-logrotator/app/schedule/rotate_by_file.js
2019-04-01 15:14:10,715 INFO 5765 [egg-schedule]: register schedule /Users/yangfan/Desktop/yf/my-mall/mall-service/node_modules/egg-logrotator/app/schedule/clean_log.js
2019-04-01 15:14:10,715 INFO 5765 [egg-schedule]: register schedule /Users/yangfan/Desktop/yf/my-mall/mall-service/node_modules/egg-logrotator/app/schedule/rotate_by_file.js
2019-04-01 15:15:16,555 INFO 5782 [egg-schedule]: register schedule /Users/yangfan/Desktop/yf/my-mall/mall-service/node_modules/egg-logrotator/app/schedule/clean_log.js
2019-04-01 15:15:16,555 INFO 5782 [egg-schedule]: register schedule /Users/yangfan/Desktop/yf/my-mall/mall-service/node_modules/egg-logrotator/app/schedule/rotate_by_file.js
2019-04-01 15:18:27,349 INFO 5802 [egg-schedule]: register schedule /Users/yangfan/Desktop/yf/my-mall/mall-service/node_modules/egg-logrotator/app/schedule/clean_log.js
2019-04-01 15:18:27,349 INFO 5802 [egg-schedule]: register schedule /Users/yangfan/Desktop/yf/my-mall/mall-service/node_modules/egg-logrotator/app/schedule/rotate_by_file.js
2019-04-01 15:18:30,499 INFO 5804 [egg-schedule]: register schedule /Users/yangfan/Desktop/yf/my-mall/mall-service/node_modules/egg-logrotator/app/schedule/clean_log.js
2019-04-01 15:18:30,499 INFO 5804 [egg-schedule]: register schedule /Users/yangfan/Desktop/yf/my-mall/mall-service/node_modules/egg-logrotator/app/schedule/rotate_by_file.js
2019-04-01 15:18:51,447 INFO 5817 [egg-schedule]: register schedule /Users/yangfan/Desktop/yf/my-mall/mall-service/node_modules/egg-logrotator/app/schedule/clean_log.js
2019-04-01 15:18:51,447 INFO 5817 [egg-schedule]: register schedule /Users/yangfan/Desktop/yf/my-mall/mall-service/node_modules/egg-logrotator/app/schedule/rotate_by_file.js
2019-04-01 15:19:13,085 INFO 5821 [egg-schedule]: register schedule /Users/yangfan/Desktop/yf/my-mall/mall-service/node_modules/egg-logrotator/app/schedule/clean_log.js
2019-04-01 15:19:13,085 INFO 5821 [egg-schedule]: register schedule /Users/yangfan/Desktop/yf/my-mall/mall-service/node_modules/egg-logrotator/app/schedule/rotate_by_file.js
2019-04-01 15:19:23,080 INFO 5826 [egg-schedule]: register schedule /Users/yangfan/Desktop/yf/my-mall/mall-service/node_modules/egg-logrotator/app/schedule/clean_log.js
2019-04-01 15:19:23,080 INFO 5826 [egg-schedule]: register schedule /Users/yangfan/Desktop/yf/my-mall/mall-service/node_modules/egg-logrotator/app/schedule/rotate_by_file.js
2019-04-01 15:19:46,616 INFO 5832 [egg-schedule]: register schedule /Users/yangfan/Desktop/yf/my-mall/mall-service/node_modules/egg-logrotator/app/schedule/clean_log.js
2019-04-01 15:19:46,616 INFO 5832 [egg-schedule]: register schedule /Users/yangfan/Desktop/yf/my-mall/mall-service/node_modules/egg-logrotator/app/schedule/rotate_by_file.js
2019-04-01 15:20:19,878 INFO 5838 [egg-schedule]: register schedule /Users/yangfan/Desktop/yf/my-mall/mall-service/node_modules/egg-logrotator/app/schedule/clean_log.js
2019-04-01 15:20:19,878 INFO 5838 [egg-schedule]: register schedule /Users/yangfan/Desktop/yf/my-mall/mall-service/node_modules/egg-logrotator/app/schedule/rotate_by_file.js
2019-04-01 15:20:34,406 INFO 5844 [egg-schedule]: register schedule /Users/yangfan/Desktop/yf/my-mall/mall-service/node_modules/egg-logrotator/app/schedule/clean_log.js
2019-04-01 15:20:34,407 INFO 5844 [egg-schedule]: register schedule /Users/yangfan/Desktop/yf/my-mall/mall-service/node_modules/egg-logrotator/app/schedule/rotate_by_file.js
2019-04-01 15:20:57,344 INFO 5849 [egg-schedule]: register schedule /Users/yangfan/Desktop/yf/my-mall/mall-service/node_modules/egg-logrotator/app/schedule/clean_log.js
2019-04-01 15:20:57,344 INFO 5849 [egg-schedule]: register schedule /Users/yangfan/Desktop/yf/my-mall/mall-service/node_modules/egg-logrotator/app/schedule/rotate_by_file.js
2019-04-01 15:21:02,491 INFO 5851 [egg-schedule]: register schedule /Users/yangfan/Desktop/yf/my-mall/mall-service/node_modules/egg-logrotator/app/schedule/clean_log.js
2019-04-01 15:21:02,491 INFO 5851 [egg-schedule]: register schedule /Users/yangfan/Desktop/yf/my-mall/mall-service/node_modules/egg-logrotator/app/schedule/rotate_by_file.js
2019-04-01 15:21:14,682 INFO 5853 [egg-schedule]: register schedule /Users/yangfan/Desktop/yf/my-mall/mall-service/node_modules/egg-logrotator/app/schedule/clean_log.js
2019-04-01 15:21:14,682 INFO 5853 [egg-schedule]: register schedule /Users/yangfan/Desktop/yf/my-mall/mall-service/node_modules/egg-logrotator/app/schedule/rotate_by_file.js
2019-04-01 15:21:29,697 INFO 5860 [egg-schedule]: register schedule /Users/yangfan/Desktop/yf/my-mall/mall-service/node_modules/egg-logrotator/app/schedule/clean_log.js
2019-04-01 15:21:29,697 INFO 5860 [egg-schedule]: register schedule /Users/yangfan/Desktop/yf/my-mall/mall-service/node_modules/egg-logrotator/app/schedule/rotate_by_file.js
2019-04-01 15:24:40,180 INFO 5882 [egg-schedule]: register schedule /Users/yangfan/Desktop/yf/my-mall/mall-service/node_modules/egg-logrotator/app/schedule/clean_log.js
2019-04-01 15:24:40,180 INFO 5882 [egg-schedule]: register schedule /Users/yangfan/Desktop/yf/my-mall/mall-service/node_modules/egg-logrotator/app/schedule/rotate_by_file.js
2019-04-01 15:25:43,175 INFO 5894 [egg-schedule]: register schedule /Users/yangfan/Desktop/yf/my-mall/mall-service/node_modules/egg-logrotator/app/schedule/clean_log.js
2019-04-01 15:25:43,175 INFO 5894 [egg-schedule]: register schedule /Users/yangfan/Desktop/yf/my-mall/mall-service/node_modules/egg-logrotator/app/schedule/rotate_by_file.js
2019-04-01 15:33:11,097 INFO 6200 [egg-schedule]: register schedule /Users/yangfan/Desktop/yf/my-mall/mall-service/node_modules/egg-logrotator/app/schedule/clean_log.js
2019-04-01 15:33:11,097 INFO 6200 [egg-schedule]: register schedule /Users/yangfan/Desktop/yf/my-mall/mall-service/node_modules/egg-logrotator/app/schedule/rotate_by_file.js
2019-04-01 15:33:43,681 INFO 6207 [egg-schedule]: register schedule /Users/yangfan/Desktop/yf/my-mall/mall-service/node_modules/egg-logrotator/app/schedule/clean_log.js
2019-04-01 15:33:43,681 INFO 6207 [egg-schedule]: register schedule /Users/yangfan/Desktop/yf/my-mall/mall-service/node_modules/egg-logrotator/app/schedule/rotate_by_file.js
2019-04-01 15:33:47,727 INFO 6211 [egg-schedule]: register schedule /Users/yangfan/Desktop/yf/my-mall/mall-service/node_modules/egg-logrotator/app/schedule/clean_log.js
2019-04-01 15:33:47,727 INFO 6211 [egg-schedule]: register schedule /Users/yangfan/Desktop/yf/my-mall/mall-service/node_modules/egg-logrotator/app/schedule/rotate_by_file.js
2019-04-01 15:34:04,793 INFO 6213 [egg-schedule]: register schedule /Users/yangfan/Desktop/yf/my-mall/mall-service/node_modules/egg-logrotator/app/schedule/clean_log.js
2019-04-01 15:34:04,793 INFO 6213 [egg-schedule]: register schedule /Users/yangfan/Desktop/yf/my-mall/mall-service/node_modules/egg-logrotator/app/schedule/rotate_by_file.js
2019-04-01 15:36:57,279 INFO 6226 [egg-schedule]: register schedule /Users/yangfan/Desktop/yf/my-mall/mall-service/node_modules/egg-logrotator/app/schedule/clean_log.js
2019-04-01 15:36:57,279 INFO 6226 [egg-schedule]: register schedule /Users/yangfan/Desktop/yf/my-mall/mall-service/node_modules/egg-logrotator/app/schedule/rotate_by_file.js
2019-04-01 15:37:31,310 INFO 6233 [egg-schedule]: register schedule /Users/yangfan/Desktop/yf/my-mall/mall-service/node_modules/egg-logrotator/app/schedule/clean_log.js
2019-04-01 15:37:31,310 INFO 6233 [egg-schedule]: register schedule /Users/yangfan/Desktop/yf/my-mall/mall-service/node_modules/egg-logrotator/app/schedule/rotate_by_file.js
2019-04-01 15:37:53,340 INFO 6236 [egg-schedule]: register schedule /Users/yangfan/Desktop/yf/my-mall/mall-service/node_modules/egg-logrotator/app/schedule/clean_log.js
2019-04-01 15:37:53,340 INFO 6236 [egg-schedule]: register schedule /Users/yangfan/Desktop/yf/my-mall/mall-service/node_modules/egg-logrotator/app/schedule/rotate_by_file.js
2019-04-01 15:38:46,924 INFO 6241 [egg-schedule]: register schedule /Users/yangfan/Desktop/yf/my-mall/mall-service/node_modules/egg-logrotator/app/schedule/clean_log.js
2019-04-01 15:38:46,924 INFO 6241 [egg-schedule]: register schedule /Users/yangfan/Desktop/yf/my-mall/mall-service/node_modules/egg-logrotator/app/schedule/rotate_by_file.js
2019-04-01 15:38:51,844 INFO 6243 [egg-schedule]: register schedule /Users/yangfan/Desktop/yf/my-mall/mall-service/node_modules/egg-logrotator/app/schedule/clean_log.js
2019-04-01 15:38:51,844 INFO 6243 [egg-schedule]: register schedule /Users/yangfan/Desktop/yf/my-mall/mall-service/node_modules/egg-logrotator/app/schedule/rotate_by_file.js
2019-04-01 15:39:20,948 INFO 6247 [egg-schedule]: register schedule /Users/yangfan/Desktop/yf/my-mall/mall-service/node_modules/egg-logrotator/app/schedule/clean_log.js
2019-04-01 15:39:20,948 INFO 6247 [egg-schedule]: register schedule /Users/yangfan/Desktop/yf/my-mall/mall-service/node_modules/egg-logrotator/app/schedule/rotate_by_file.js
2019-04-01 15:43:11,910 INFO 6269 [egg-schedule]: register schedule /Users/yangfan/Desktop/yf/my-mall/mall-service/node_modules/egg-logrotator/app/schedule/clean_log.js
2019-04-01 15:43:11,910 INFO 6269 [egg-schedule]: register schedule /Users/yangfan/Desktop/yf/my-mall/mall-service/node_modules/egg-logrotator/app/schedule/rotate_by_file.js
2019-04-01 15:44:15,791 INFO 6281 [egg-schedule]: register schedule /Users/yangfan/Desktop/yf/my-mall/mall-service/node_modules/egg-logrotator/app/schedule/clean_log.js
2019-04-01 15:44:15,791 INFO 6281 [egg-schedule]: register schedule /Users/yangfan/Desktop/yf/my-mall/mall-service/node_modules/egg-logrotator/app/schedule/rotate_by_file.js
2019-04-01 15:44:38,080 INFO 6289 [egg-schedule]: register schedule /Users/yangfan/Desktop/yf/my-mall/mall-service/node_modules/egg-logrotator/app/schedule/clean_log.js
2019-04-01 15:44:38,080 INFO 6289 [egg-schedule]: register schedule /Users/yangfan/Desktop/yf/my-mall/mall-service/node_modules/egg-logrotator/app/schedule/rotate_by_file.js
2019-04-01 15:47:05,359 INFO 6307 [egg-schedule]: register schedule /Users/yangfan/Desktop/yf/my-mall/mall-service/node_modules/egg-logrotator/app/schedule/clean_log.js
2019-04-01 15:47:05,359 INFO 6307 [egg-schedule]: register schedule /Users/yangfan/Desktop/yf/my-mall/mall-service/node_modules/egg-logrotator/app/schedule/rotate_by_file.js
2019-04-01 15:48:25,623 INFO 6313 [egg-schedule]: register schedule /Users/yangfan/Desktop/yf/my-mall/mall-service/node_modules/egg-logrotator/app/schedule/clean_log.js
2019-04-01 15:48:25,624 INFO 6313 [egg-schedule]: register schedule /Users/yangfan/Desktop/yf/my-mall/mall-service/node_modules/egg-logrotator/app/schedule/rotate_by_file.js
2019-04-01 15:48:43,648 INFO 6316 [egg-schedule]: register schedule /Users/yangfan/Desktop/yf/my-mall/mall-service/node_modules/egg-logrotator/app/schedule/clean_log.js
2019-04-01 15:48:43,648 INFO 6316 [egg-schedule]: register schedule /Users/yangfan/Desktop/yf/my-mall/mall-service/node_modules/egg-logrotator/app/schedule/rotate_by_file.js
2019-04-01 15:48:45,179 INFO 6318 [egg-schedule]: register schedule /Users/yangfan/Desktop/yf/my-mall/mall-service/node_modules/egg-logrotator/app/schedule/clean_log.js
2019-04-01 15:48:45,179 INFO 6318 [egg-schedule]: register schedule /Users/yangfan/Desktop/yf/my-mall/mall-service/node_modules/egg-logrotator/app/schedule/rotate_by_file.js
2019-04-01 15:49:01,554 INFO 6320 [egg-schedule]: register schedule /Users/yangfan/Desktop/yf/my-mall/mall-service/node_modules/egg-logrotator/app/schedule/clean_log.js
2019-04-01 15:49:01,555 INFO 6320 [egg-schedule]: register schedule /Users/yangfan/Desktop/yf/my-mall/mall-service/node_modules/egg-logrotator/app/schedule/rotate_by_file.js
2019-04-01 15:49:21,214 INFO 6327 [egg-schedule]: register schedule /Users/yangfan/Desktop/yf/my-mall/mall-service/node_modules/egg-logrotator/app/schedule/clean_log.js
2019-04-01 15:49:21,214 INFO 6327 [egg-schedule]: register schedule /Users/yangfan/Desktop/yf/my-mall/mall-service/node_modules/egg-logrotator/app/schedule/rotate_by_file.js
2019-04-01 16:05:25,265 INFO 6975 [egg-schedule]: register schedule /Users/yangfan/Desktop/yf/my-mall/mall-service/node_modules/egg-logrotator/app/schedule/clean_log.js
2019-04-01 16:05:25,265 INFO 6975 [egg-schedule]: register schedule /Users/yangfan/Desktop/yf/my-mall/mall-service/node_modules/egg-logrotator/app/schedule/rotate_by_file.js
2019-04-01 16:06:02,149 INFO 6977 [egg-schedule]: register schedule /Users/yangfan/Desktop/yf/my-mall/mall-service/node_modules/egg-logrotator/app/schedule/clean_log.js
2019-04-01 16:06:02,149 INFO 6977 [egg-schedule]: register schedule /Users/yangfan/Desktop/yf/my-mall/mall-service/node_modules/egg-logrotator/app/schedule/rotate_by_file.js
2019-04-01 16:06:14,043 INFO 6982 [egg-schedule]: register schedule /Users/yangfan/Desktop/yf/my-mall/mall-service/node_modules/egg-logrotator/app/schedule/clean_log.js
2019-04-01 16:06:14,043 INFO 6982 [egg-schedule]: register schedule /Users/yangfan/Desktop/yf/my-mall/mall-service/node_modules/egg-logrotator/app/schedule/rotate_by_file.js
2019-04-01 16:06:48,092 INFO 6988 [egg-schedule]: register schedule /Users/yangfan/Desktop/yf/my-mall/mall-service/node_modules/egg-logrotator/app/schedule/clean_log.js
2019-04-01 16:06:48,092 INFO 6988 [egg-schedule]: register schedule /Users/yangfan/Desktop/yf/my-mall/mall-service/node_modules/egg-logrotator/app/schedule/rotate_by_file.js
2019-04-01 16:06:53,860 INFO 6989 [egg-schedule]: register schedule /Users/yangfan/Desktop/yf/my-mall/mall-service/node_modules/egg-logrotator/app/schedule/clean_log.js
2019-04-01 16:06:53,860 INFO 6989 [egg-schedule]: register schedule /Users/yangfan/Desktop/yf/my-mall/mall-service/node_modules/egg-logrotator/app/schedule/rotate_by_file.js
2019-04-01 16:06:55,415 INFO 6990 [egg-schedule]: register schedule /Users/yangfan/Desktop/yf/my-mall/mall-service/node_modules/egg-logrotator/app/schedule/clean_log.js
2019-04-01 16:06:55,415 INFO 6990 [egg-schedule]: register schedule /Users/yangfan/Desktop/yf/my-mall/mall-service/node_modules/egg-logrotator/app/schedule/rotate_by_file.js
2019-04-01 16:11:13,360 INFO 7018 [egg-schedule]: register schedule /Users/yangfan/Desktop/yf/my-mall/mall-service/node_modules/egg-logrotator/app/schedule/clean_log.js
2019-04-01 16:11:13,360 INFO 7018 [egg-schedule]: register schedule /Users/yangfan/Desktop/yf/my-mall/mall-service/node_modules/egg-logrotator/app/schedule/rotate_by_file.js
2019-04-01 16:12:05,756 INFO 7028 [egg-schedule]: register schedule /Users/yangfan/Desktop/yf/my-mall/mall-service/node_modules/egg-logrotator/app/schedule/clean_log.js
2019-04-01 16:12:05,756 INFO 7028 [egg-schedule]: register schedule /Users/yangfan/Desktop/yf/my-mall/mall-service/node_modules/egg-logrotator/app/schedule/rotate_by_file.js
2019-04-01 16:12:19,874 INFO 7033 [egg-schedule]: register schedule /Users/yangfan/Desktop/yf/my-mall/mall-service/node_modules/egg-logrotator/app/schedule/clean_log.js
2019-04-01 16:12:19,874 INFO 7033 [egg-schedule]: register schedule /Users/yangfan/Desktop/yf/my-mall/mall-service/node_modules/egg-logrotator/app/schedule/rotate_by_file.js
2019-04-01 16:12:28,565 INFO 7036 [egg-schedule]: register schedule /Users/yangfan/Desktop/yf/my-mall/mall-service/node_modules/egg-logrotator/app/schedule/clean_log.js
2019-04-01 16:12:28,565 INFO 7036 [egg-schedule]: register schedule /Users/yangfan/Desktop/yf/my-mall/mall-service/node_modules/egg-logrotator/app/schedule/rotate_by_file.js
2019-04-01 16:13:58,023 INFO 7054 [egg-schedule]: register schedule /Users/yangfan/Desktop/yf/my-mall/mall-service/node_modules/egg-logrotator/app/schedule/clean_log.js
2019-04-01 16:13:58,023 INFO 7054 [egg-schedule]: register schedule /Users/yangfan/Desktop/yf/my-mall/mall-service/node_modules/egg-logrotator/app/schedule/rotate_by_file.js
2019-04-01 16:14:31,844 INFO 7062 [egg-schedule]: register schedule /Users/yangfan/Desktop/yf/my-mall/mall-service/node_modules/egg-logrotator/app/schedule/clean_log.js
2019-04-01 16:14:31,844 INFO 7062 [egg-schedule]: register schedule /Users/yangfan/Desktop/yf/my-mall/mall-service/node_modules/egg-logrotator/app/schedule/rotate_by_file.js
2019-04-01 16:14:58,982 INFO 7069 [egg-schedule]: register schedule /Users/yangfan/Desktop/yf/my-mall/mall-service/node_modules/egg-logrotator/app/schedule/clean_log.js
2019-04-01 16:14:58,982 INFO 7069 [egg-schedule]: register schedule /Users/yangfan/Desktop/yf/my-mall/mall-service/node_modules/egg-logrotator/app/schedule/rotate_by_file.js
2019-04-01 16:15:28,822 INFO 7077 [egg-schedule]: register schedule /Users/yangfan/Desktop/yf/my-mall/mall-service/node_modules/egg-logrotator/app/schedule/clean_log.js
2019-04-01 16:15:28,822 INFO 7077 [egg-schedule]: register schedule /Users/yangfan/Desktop/yf/my-mall/mall-service/node_modules/egg-logrotator/app/schedule/rotate_by_file.js
2019-04-01 16:15:55,095 INFO 7083 [egg-schedule]: register schedule /Users/yangfan/Desktop/yf/my-mall/mall-service/node_modules/egg-logrotator/app/schedule/clean_log.js
2019-04-01 16:15:55,095 INFO 7083 [egg-schedule]: register schedule /Users/yangfan/Desktop/yf/my-mall/mall-service/node_modules/egg-logrotator/app/schedule/rotate_by_file.js
2019-04-01 16:16:08,546 INFO 7089 [egg-schedule]: register schedule /Users/yangfan/Desktop/yf/my-mall/mall-service/node_modules/egg-logrotator/app/schedule/clean_log.js
2019-04-01 16:16:08,546 INFO 7089 [egg-schedule]: register schedule /Users/yangfan/Desktop/yf/my-mall/mall-service/node_modules/egg-logrotator/app/schedule/rotate_by_file.js
2019-04-01 16:16:17,522 INFO 7094 [egg-schedule]: register schedule /Users/yangfan/Desktop/yf/my-mall/mall-service/node_modules/egg-logrotator/app/schedule/clean_log.js
2019-04-01 16:16:17,522 INFO 7094 [egg-schedule]: register schedule /Users/yangfan/Desktop/yf/my-mall/mall-service/node_modules/egg-logrotator/app/schedule/rotate_by_file.js
2019-04-01 16:16:19,988 INFO 7095 [egg-schedule]: register schedule /Users/yangfan/Desktop/yf/my-mall/mall-service/node_modules/egg-logrotator/app/schedule/clean_log.js
2019-04-01 16:16:19,988 INFO 7095 [egg-schedule]: register schedule /Users/yangfan/Desktop/yf/my-mall/mall-service/node_modules/egg-logrotator/app/schedule/rotate_by_file.js
2019-04-01 16:16:53,013 INFO 7101 [egg-schedule]: register schedule /Users/yangfan/Desktop/yf/my-mall/mall-service/node_modules/egg-logrotator/app/schedule/clean_log.js
2019-04-01 16:16:53,013 INFO 7101 [egg-schedule]: register schedule /Users/yangfan/Desktop/yf/my-mall/mall-service/node_modules/egg-logrotator/app/schedule/rotate_by_file.js
2019-04-01 16:17:15,960 INFO 7106 [egg-schedule]: register schedule /Users/yangfan/Desktop/yf/my-mall/mall-service/node_modules/egg-logrotator/app/schedule/clean_log.js
2019-04-01 16:17:15,960 INFO 7106 [egg-schedule]: register schedule /Users/yangfan/Desktop/yf/my-mall/mall-service/node_modules/egg-logrotator/app/schedule/rotate_by_file.js
2019-04-01 16:17:39,733 INFO 7112 [egg-schedule]: register schedule /Users/yangfan/Desktop/yf/my-mall/mall-service/node_modules/egg-logrotator/app/schedule/clean_log.js
2019-04-01 16:17:39,733 INFO 7112 [egg-schedule]: register schedule /Users/yangfan/Desktop/yf/my-mall/mall-service/node_modules/egg-logrotator/app/schedule/rotate_by_file.js
2019-04-01 16:17:50,900 INFO 7113 [egg-schedule]: register schedule /Users/yangfan/Desktop/yf/my-mall/mall-service/node_modules/egg-logrotator/app/schedule/clean_log.js
2019-04-01 16:17:50,900 INFO 7113 [egg-schedule]: register schedule /Users/yangfan/Desktop/yf/my-mall/mall-service/node_modules/egg-logrotator/app/schedule/rotate_by_file.js
2019-04-01 16:18:30,891 INFO 7121 [egg-schedule]: register schedule /Users/yangfan/Desktop/yf/my-mall/mall-service/node_modules/egg-logrotator/app/schedule/clean_log.js
2019-04-01 16:18:30,891 INFO 7121 [egg-schedule]: register schedule /Users/yangfan/Desktop/yf/my-mall/mall-service/node_modules/egg-logrotator/app/schedule/rotate_by_file.js
2019-04-01 16:19:01,886 INFO 7123 [egg-schedule]: register schedule /Users/yangfan/Desktop/yf/my-mall/mall-service/node_modules/egg-logrotator/app/schedule/clean_log.js
2019-04-01 16:19:01,886 INFO 7123 [egg-schedule]: register schedule /Users/yangfan/Desktop/yf/my-mall/mall-service/node_modules/egg-logrotator/app/schedule/rotate_by_file.js
2019-04-01 16:21:56,470 INFO 7137 [egg-schedule]: register schedule /Users/yangfan/Desktop/yf/my-mall/mall-service/node_modules/egg-logrotator/app/schedule/clean_log.js
2019-04-01 16:21:56,470 INFO 7137 [egg-schedule]: register schedule /Users/yangfan/Desktop/yf/my-mall/mall-service/node_modules/egg-logrotator/app/schedule/rotate_by_file.js
2019-04-01 16:22:18,569 INFO 7145 [egg-schedule]: register schedule /Users/yangfan/Desktop/yf/my-mall/mall-service/node_modules/egg-logrotator/app/schedule/clean_log.js
2019-04-01 16:22:18,569 INFO 7145 [egg-schedule]: register schedule /Users/yangfan/Desktop/yf/my-mall/mall-service/node_modules/egg-logrotator/app/schedule/rotate_by_file.js
2019-04-01 16:23:16,983 INFO 7152 [egg-schedule]: register schedule /Users/yangfan/Desktop/yf/my-mall/mall-service/node_modules/egg-logrotator/app/schedule/clean_log.js
2019-04-01 16:23:16,983 INFO 7152 [egg-schedule]: register schedule /Users/yangfan/Desktop/yf/my-mall/mall-service/node_modules/egg-logrotator/app/schedule/rotate_by_file.js
2019-04-01 16:33:34,681 INFO 7210 [egg-schedule]: register schedule /Users/yangfan/Desktop/yf/my-mall/mall-service/node_modules/egg-logrotator/app/schedule/clean_log.js
2019-04-01 16:33:34,681 INFO 7210 [egg-schedule]: register schedule /Users/yangfan/Desktop/yf/my-mall/mall-service/node_modules/egg-logrotator/app/schedule/rotate_by_file.js
2019-04-01 16:35:20,822 INFO 7214 [egg-schedule]: register schedule /Users/yangfan/Desktop/yf/my-mall/mall-service/node_modules/egg-logrotator/app/schedule/clean_log.js
2019-04-01 16:35:20,822 INFO 7214 [egg-schedule]: register schedule /Users/yangfan/Desktop/yf/my-mall/mall-service/node_modules/egg-logrotator/app/schedule/rotate_by_file.js
2019-04-01 16:43:26,431 INFO 7245 [egg-schedule]: register schedule /Users/yangfan/Desktop/yf/my-mall/mall-service/node_modules/egg-logrotator/app/schedule/clean_log.js
2019-04-01 16:43:26,431 INFO 7245 [egg-schedule]: register schedule /Users/yangfan/Desktop/yf/my-mall/mall-service/node_modules/egg-logrotator/app/schedule/rotate_by_file.js
2019-04-01 16:44:41,892 INFO 7251 [egg-schedule]: register schedule /Users/yangfan/Desktop/yf/my-mall/mall-service/node_modules/egg-logrotator/app/schedule/clean_log.js
2019-04-01 16:44:41,892 INFO 7251 [egg-schedule]: register schedule /Users/yangfan/Desktop/yf/my-mall/mall-service/node_modules/egg-logrotator/app/schedule/rotate_by_file.js
2019-04-01 16:48:09,230 INFO 7282 [egg-schedule]: register schedule /Users/yangfan/Desktop/yf/my-mall/mall-service/node_modules/egg-logrotator/app/schedule/clean_log.js
2019-04-01 16:48:09,230 INFO 7282 [egg-schedule]: register schedule /Users/yangfan/Desktop/yf/my-mall/mall-service/node_modules/egg-logrotator/app/schedule/rotate_by_file.js
2019-04-01 16:49:22,906 INFO 7293 [egg-schedule]: register schedule /Users/yangfan/Desktop/yf/my-mall/mall-service/node_modules/egg-logrotator/app/schedule/clean_log.js
2019-04-01 16:49:22,906 INFO 7293 [egg-schedule]: register schedule /Users/yangfan/Desktop/yf/my-mall/mall-service/node_modules/egg-logrotator/app/schedule/rotate_by_file.js
2019-04-01 16:49:49,016 INFO 7297 [egg-schedule]: register schedule /Users/yangfan/Desktop/yf/my-mall/mall-service/node_modules/egg-logrotator/app/schedule/clean_log.js
2019-04-01 16:49:49,016 INFO 7297 [egg-schedule]: register schedule /Users/yangfan/Desktop/yf/my-mall/mall-service/node_modules/egg-logrotator/app/schedule/rotate_by_file.js
2019-04-01 16:50:07,566 INFO 7304 [egg-schedule]: register schedule /Users/yangfan/Desktop/yf/my-mall/mall-service/node_modules/egg-logrotator/app/schedule/clean_log.js
2019-04-01 16:50:07,566 INFO 7304 [egg-schedule]: register schedule /Users/yangfan/Desktop/yf/my-mall/mall-service/node_modules/egg-logrotator/app/schedule/rotate_by_file.js
2019-04-01 16:50:30,869 INFO 7313 [egg-schedule]: register schedule /Users/yangfan/Desktop/yf/my-mall/mall-service/node_modules/egg-logrotator/app/schedule/clean_log.js
2019-04-01 16:50:30,869 INFO 7313 [egg-schedule]: register schedule /Users/yangfan/Desktop/yf/my-mall/mall-service/node_modules/egg-logrotator/app/schedule/rotate_by_file.js
2019-04-01 16:51:08,759 INFO 7324 [egg-schedule]: register schedule /Users/yangfan/Desktop/yf/my-mall/mall-service/node_modules/egg-logrotator/app/schedule/clean_log.js
2019-04-01 16:51:08,759 INFO 7324 [egg-schedule]: register schedule /Users/yangfan/Desktop/yf/my-mall/mall-service/node_modules/egg-logrotator/app/schedule/rotate_by_file.js
2019-04-01 16:51:25,481 INFO 7334 [egg-schedule]: register schedule /Users/yangfan/Desktop/yf/my-mall/mall-service/node_modules/egg-logrotator/app/schedule/clean_log.js
2019-04-01 16:51:25,481 INFO 7334 [egg-schedule]: register schedule /Users/yangfan/Desktop/yf/my-mall/mall-service/node_modules/egg-logrotator/app/schedule/rotate_by_file.js
2019-04-01 16:51:51,153 INFO 7339 [egg-schedule]: register schedule /Users/yangfan/Desktop/yf/my-mall/mall-service/node_modules/egg-logrotator/app/schedule/clean_log.js
2019-04-01 16:51:51,153 INFO 7339 [egg-schedule]: register schedule /Users/yangfan/Desktop/yf/my-mall/mall-service/node_modules/egg-logrotator/app/schedule/rotate_by_file.js
2019-04-01 16:52:15,349 INFO 7347 [egg-schedule]: register schedule /Users/yangfan/Desktop/yf/my-mall/mall-service/node_modules/egg-logrotator/app/schedule/clean_log.js
2019-04-01 16:52:15,349 INFO 7347 [egg-schedule]: register schedule /Users/yangfan/Desktop/yf/my-mall/mall-service/node_modules/egg-logrotator/app/schedule/rotate_by_file.js
2019-04-01 16:59:19,333 INFO 7378 [egg-schedule]: register schedule /Users/yangfan/Desktop/yf/my-mall/mall-service/node_modules/egg-logrotator/app/schedule/clean_log.js
2019-04-01 16:59:19,333 INFO 7378 [egg-schedule]: register schedule /Users/yangfan/Desktop/yf/my-mall/mall-service/node_modules/egg-logrotator/app/schedule/rotate_by_file.js
2019-04-01 18:04:46,346 INFO 9208 [egg-schedule]: register schedule /Users/yangfan/Desktop/yf/my-mall/mall-service/node_modules/egg-logrotator/app/schedule/clean_log.js
2019-04-01 18:04:46,346 INFO 9208 [egg-schedule]: register schedule /Users/yangfan/Desktop/yf/my-mall/mall-service/node_modules/egg-logrotator/app/schedule/rotate_by_file.js
2019-04-01 18:05:22,416 INFO 9214 [egg-schedule]: register schedule /Users/yangfan/Desktop/yf/my-mall/mall-service/node_modules/egg-logrotator/app/schedule/clean_log.js
2019-04-01 18:05:22,416 INFO 9214 [egg-schedule]: register schedule /Users/yangfan/Desktop/yf/my-mall/mall-service/node_modules/egg-logrotator/app/schedule/rotate_by_file.js
2019-04-01 18:05:55,465 INFO 9226 [egg-schedule]: register schedule /Users/yangfan/Desktop/yf/my-mall/mall-service/node_modules/egg-logrotator/app/schedule/clean_log.js
2019-04-01 18:05:55,465 INFO 9226 [egg-schedule]: register schedule /Users/yangfan/Desktop/yf/my-mall/mall-service/node_modules/egg-logrotator/app/schedule/rotate_by_file.js
2019-04-01 18:07:08,307 INFO 9238 [egg-schedule]: register schedule /Users/yangfan/Desktop/yf/my-mall/mall-service/node_modules/egg-logrotator/app/schedule/clean_log.js
2019-04-01 18:07:08,307 INFO 9238 [egg-schedule]: register schedule /Users/yangfan/Desktop/yf/my-mall/mall-service/node_modules/egg-logrotator/app/schedule/rotate_by_file.js
2019-04-01 18:07:26,835 INFO 9243 [egg-schedule]: register schedule /Users/yangfan/Desktop/yf/my-mall/mall-service/node_modules/egg-logrotator/app/schedule/clean_log.js
2019-04-01 18:07:26,835 INFO 9243 [egg-schedule]: register schedule /Users/yangfan/Desktop/yf/my-mall/mall-service/node_modules/egg-logrotator/app/schedule/rotate_by_file.js
2019-04-01 18:08:04,014 INFO 9249 [egg-schedule]: register schedule /Users/yangfan/Desktop/yf/my-mall/mall-service/node_modules/egg-logrotator/app/schedule/clean_log.js
2019-04-01 18:08:04,014 INFO 9249 [egg-schedule]: register schedule /Users/yangfan/Desktop/yf/my-mall/mall-service/node_modules/egg-logrotator/app/schedule/rotate_by_file.js
2019-04-01 18:08:22,690 INFO 9255 [egg-schedule]: register schedule /Users/yangfan/Desktop/yf/my-mall/mall-service/node_modules/egg-logrotator/app/schedule/clean_log.js
2019-04-01 18:08:22,690 INFO 9255 [egg-schedule]: register schedule /Users/yangfan/Desktop/yf/my-mall/mall-service/node_modules/egg-logrotator/app/schedule/rotate_by_file.js
2019-04-01 18:11:14,305 INFO 9283 [Timer] /Users/yangfan/Desktop/yf/my-mall/mall-service/node_modules/egg-logrotator/app/schedule/clean_log.js next time will execute after 20925697ms at 2019-04-02 00:00:00.002
2019-04-01 18:11:14,305 INFO 9283 [Timer] /Users/yangfan/Desktop/yf/my-mall/mall-service/node_modules/egg-logrotator/app/schedule/rotate_by_file.js next time will execute after 20926695ms at 2019-04-02 00:00:01.000
2019-04-01 18:11:13,873 INFO 9284 [egg-schedule]: register schedule /Users/yangfan/Desktop/yf/my-mall/mall-service/node_modules/egg-logrotator/app/schedule/clean_log.js
2019-04-01 18:11:13,873 INFO 9284 [egg-schedule]: register schedule /Users/yangfan/Desktop/yf/my-mall/mall-service/node_modules/egg-logrotator/app/schedule/rotate_by_file.js
2019-04-01 20:00:35,302 INFO 11107 [egg-schedule]: register schedule /Users/yangfan/Desktop/yf/my-mall/mall-service/node_modules/egg-logrotator/app/schedule/clean_log.js
2019-04-01 20:00:35,302 INFO 11107 [egg-schedule]: register schedule /Users/yangfan/Desktop/yf/my-mall/mall-service/node_modules/egg-logrotator/app/schedule/rotate_by_file.js
2019-04-01 20:01:58,629 INFO 11114 [egg-schedule]: register schedule /Users/yangfan/Desktop/yf/my-mall/mall-service/node_modules/egg-logrotator/app/schedule/clean_log.js
2019-04-01 20:01:58,629 INFO 11114 [egg-schedule]: register schedule /Users/yangfan/Desktop/yf/my-mall/mall-service/node_modules/egg-logrotator/app/schedule/rotate_by_file.js
2019-04-01 20:04:59,875 INFO 11127 [egg-schedule]: register schedule /Users/yangfan/Desktop/yf/my-mall/mall-service/node_modules/egg-logrotator/app/schedule/clean_log.js
2019-04-01 20:04:59,875 INFO 11127 [egg-schedule]: register schedule /Users/yangfan/Desktop/yf/my-mall/mall-service/node_modules/egg-logrotator/app/schedule/rotate_by_file.js
2019-04-01 20:05:52,466 INFO 11132 [egg-schedule]: register schedule /Users/yangfan/Desktop/yf/my-mall/mall-service/node_modules/egg-logrotator/app/schedule/clean_log.js
2019-04-01 20:05:52,466 INFO 11132 [egg-schedule]: register schedule /Users/yangfan/Desktop/yf/my-mall/mall-service/node_modules/egg-logrotator/app/schedule/rotate_by_file.js
2019-04-01 20:06:31,907 INFO 11139 [egg-schedule]: register schedule /Users/yangfan/Desktop/yf/my-mall/mall-service/node_modules/egg-logrotator/app/schedule/clean_log.js
2019-04-01 20:06:31,907 INFO 11139 [egg-schedule]: register schedule /Users/yangfan/Desktop/yf/my-mall/mall-service/node_modules/egg-logrotator/app/schedule/rotate_by_file.js
2019-04-01 20:07:27,675 INFO 11145 [egg-schedule]: register schedule /Users/yangfan/Desktop/yf/my-mall/mall-service/node_modules/egg-logrotator/app/schedule/clean_log.js
2019-04-01 20:07:27,675 INFO 11145 [egg-schedule]: register schedule /Users/yangfan/Desktop/yf/my-mall/mall-service/node_modules/egg-logrotator/app/schedule/rotate_by_file.js
2019-04-01 20:08:27,772 INFO 11157 [egg-schedule]: register schedule /Users/yangfan/Desktop/yf/my-mall/mall-service/node_modules/egg-logrotator/app/schedule/clean_log.js
2019-04-01 20:08:27,772 INFO 11157 [egg-schedule]: register schedule /Users/yangfan/Desktop/yf/my-mall/mall-service/node_modules/egg-logrotator/app/schedule/rotate_by_file.js
2019-04-02 09:35:44,218 INFO 11519 [egg-schedule]: register schedule /Users/yangfan/Desktop/yf/my-mall/mall-service/node_modules/egg-logrotator/app/schedule/clean_log.js
2019-04-02 09:35:44,218 INFO 11519 [egg-schedule]: register schedule /Users/yangfan/Desktop/yf/my-mall/mall-service/node_modules/egg-logrotator/app/schedule/rotate_by_file.js
2019-04-02 09:43:26,134 INFO 11581 [egg-schedule]: register schedule /Users/yangfan/Desktop/yf/my-mall/mall-service/node_modules/egg-logrotator/app/schedule/clean_log.js
2019-04-02 09:43:26,134 INFO 11581 [egg-schedule]: register schedule /Users/yangfan/Desktop/yf/my-mall/mall-service/node_modules/egg-logrotator/app/schedule/rotate_by_file.js
2019-04-02 09:44:48,070 INFO 11595 [egg-schedule]: register schedule /Users/yangfan/Desktop/yf/my-mall/mall-service/node_modules/egg-logrotator/app/schedule/clean_log.js
2019-04-02 09:44:48,070 INFO 11595 [egg-schedule]: register schedule /Users/yangfan/Desktop/yf/my-mall/mall-service/node_modules/egg-logrotator/app/schedule/rotate_by_file.js
2019-04-02 09:45:08,447 INFO 11602 [egg-schedule]: register schedule /Users/yangfan/Desktop/yf/my-mall/mall-service/node_modules/egg-logrotator/app/schedule/clean_log.js
2019-04-02 09:45:08,447 INFO 11602 [egg-schedule]: register schedule /Users/yangfan/Desktop/yf/my-mall/mall-service/node_modules/egg-logrotator/app/schedule/rotate_by_file.js
2019-04-02 09:45:27,318 INFO 11608 [egg-schedule]: register schedule /Users/yangfan/Desktop/yf/my-mall/mall-service/node_modules/egg-logrotator/app/schedule/clean_log.js
2019-04-02 09:45:27,318 INFO 11608 [egg-schedule]: register schedule /Users/yangfan/Desktop/yf/my-mall/mall-service/node_modules/egg-logrotator/app/schedule/rotate_by_file.js
2019-04-02 09:46:13,192 INFO 11614 [egg-schedule]: register schedule /Users/yangfan/Desktop/yf/my-mall/mall-service/node_modules/egg-logrotator/app/schedule/clean_log.js
2019-04-02 09:46:13,192 INFO 11614 [egg-schedule]: register schedule /Users/yangfan/Desktop/yf/my-mall/mall-service/node_modules/egg-logrotator/app/schedule/rotate_by_file.js
2019-04-02 09:46:44,690 INFO 11625 [egg-schedule]: register schedule /Users/yangfan/Desktop/yf/my-mall/mall-service/node_modules/egg-logrotator/app/schedule/clean_log.js
2019-04-02 09:46:44,690 INFO 11625 [egg-schedule]: register schedule /Users/yangfan/Desktop/yf/my-mall/mall-service/node_modules/egg-logrotator/app/schedule/rotate_by_file.js
2019-04-02 09:47:06,566 INFO 11631 [egg-schedule]: register schedule /Users/yangfan/Desktop/yf/my-mall/mall-service/node_modules/egg-logrotator/app/schedule/clean_log.js
2019-04-02 09:47:06,566 INFO 11631 [egg-schedule]: register schedule /Users/yangfan/Desktop/yf/my-mall/mall-service/node_modules/egg-logrotator/app/schedule/rotate_by_file.js
2019-04-02 09:49:02,890 INFO 11654 [egg-schedule]: register schedule /Users/yangfan/Desktop/yf/my-mall/mall-service/node_modules/egg-logrotator/app/schedule/clean_log.js
2019-04-02 09:49:02,890 INFO 11654 [egg-schedule]: register schedule /Users/yangfan/Desktop/yf/my-mall/mall-service/node_modules/egg-logrotator/app/schedule/rotate_by_file.js
2019-04-02 09:49:09,073 INFO 11655 [egg-schedule]: register schedule /Users/yangfan/Desktop/yf/my-mall/mall-service/node_modules/egg-logrotator/app/schedule/clean_log.js
2019-04-02 09:49:09,073 INFO 11655 [egg-schedule]: register schedule /Users/yangfan/Desktop/yf/my-mall/mall-service/node_modules/egg-logrotator/app/schedule/rotate_by_file.js
2019-04-02 09:49:49,965 INFO 11675 [egg-schedule]: register schedule /Users/yangfan/Desktop/yf/my-mall/mall-service/node_modules/egg-logrotator/app/schedule/clean_log.js
2019-04-02 09:49:49,965 INFO 11675 [egg-schedule]: register schedule /Users/yangfan/Desktop/yf/my-mall/mall-service/node_modules/egg-logrotator/app/schedule/rotate_by_file.js
2019-04-02 09:50:16,980 INFO 11682 [egg-schedule]: register schedule /Users/yangfan/Desktop/yf/my-mall/mall-service/node_modules/egg-logrotator/app/schedule/clean_log.js
2019-04-02 09:50:16,980 INFO 11682 [egg-schedule]: register schedule /Users/yangfan/Desktop/yf/my-mall/mall-service/node_modules/egg-logrotator/app/schedule/rotate_by_file.js
2019-04-02 09:50:27,739 INFO 11688 [egg-schedule]: register schedule /Users/yangfan/Desktop/yf/my-mall/mall-service/node_modules/egg-logrotator/app/schedule/clean_log.js
2019-04-02 09:50:27,739 INFO 11688 [egg-schedule]: register schedule /Users/yangfan/Desktop/yf/my-mall/mall-service/node_modules/egg-logrotator/app/schedule/rotate_by_file.js
2019-04-02 09:50:51,623 INFO 11693 [egg-schedule]: register schedule /Users/yangfan/Desktop/yf/my-mall/mall-service/node_modules/egg-logrotator/app/schedule/clean_log.js
2019-04-02 09:50:51,623 INFO 11693 [egg-schedule]: register schedule /Users/yangfan/Desktop/yf/my-mall/mall-service/node_modules/egg-logrotator/app/schedule/rotate_by_file.js
2019-04-02 09:51:28,312 INFO 11699 [egg-schedule]: register schedule /Users/yangfan/Desktop/yf/my-mall/mall-service/node_modules/egg-logrotator/app/schedule/clean_log.js
2019-04-02 09:51:28,312 INFO 11699 [egg-schedule]: register schedule /Users/yangfan/Desktop/yf/my-mall/mall-service/node_modules/egg-logrotator/app/schedule/rotate_by_file.js
2019-04-02 09:51:38,687 INFO 11706 [egg-schedule]: register schedule /Users/yangfan/Desktop/yf/my-mall/mall-service/node_modules/egg-logrotator/app/schedule/clean_log.js
2019-04-02 09:51:38,687 INFO 11706 [egg-schedule]: register schedule /Users/yangfan/Desktop/yf/my-mall/mall-service/node_modules/egg-logrotator/app/schedule/rotate_by_file.js
2019-04-02 09:51:54,730 INFO 11711 [egg-schedule]: register schedule /Users/yangfan/Desktop/yf/my-mall/mall-service/node_modules/egg-logrotator/app/schedule/clean_log.js
2019-04-02 09:51:54,730 INFO 11711 [egg-schedule]: register schedule /Users/yangfan/Desktop/yf/my-mall/mall-service/node_modules/egg-logrotator/app/schedule/rotate_by_file.js
2019-04-02 09:54:56,660 INFO 11723 [egg-schedule]: register schedule /Users/yangfan/Desktop/yf/my-mall/mall-service/node_modules/egg-logrotator/app/schedule/clean_log.js
2019-04-02 09:54:56,660 INFO 11723 [egg-schedule]: register schedule /Users/yangfan/Desktop/yf/my-mall/mall-service/node_modules/egg-logrotator/app/schedule/rotate_by_file.js
2019-04-02 09:55:03,695 INFO 11729 [egg-schedule]: register schedule /Users/yangfan/Desktop/yf/my-mall/mall-service/node_modules/egg-logrotator/app/schedule/clean_log.js
2019-04-02 09:55:03,695 INFO 11729 [egg-schedule]: register schedule /Users/yangfan/Desktop/yf/my-mall/mall-service/node_modules/egg-logrotator/app/schedule/rotate_by_file.js
2019-04-02 09:55:05,312 INFO 11730 [egg-schedule]: register schedule /Users/yangfan/Desktop/yf/my-mall/mall-service/node_modules/egg-logrotator/app/schedule/clean_log.js
2019-04-02 09:55:05,312 INFO 11730 [egg-schedule]: register schedule /Users/yangfan/Desktop/yf/my-mall/mall-service/node_modules/egg-logrotator/app/schedule/rotate_by_file.js
2019-04-02 09:56:02,711 INFO 11736 [egg-schedule]: register schedule /Users/yangfan/Desktop/yf/my-mall/mall-service/node_modules/egg-logrotator/app/schedule/clean_log.js
2019-04-02 09:56:02,711 INFO 11736 [egg-schedule]: register schedule /Users/yangfan/Desktop/yf/my-mall/mall-service/node_modules/egg-logrotator/app/schedule/rotate_by_file.js
2019-04-02 10:52:01,668 INFO 12018 [egg-schedule]: register schedule /Users/yangfan/Desktop/yf/my-mall/mall-service/node_modules/egg-logrotator/app/schedule/clean_log.js
2019-04-02 10:52:01,668 INFO 12018 [egg-schedule]: register schedule /Users/yangfan/Desktop/yf/my-mall/mall-service/node_modules/egg-logrotator/app/schedule/rotate_by_file.js
2019-04-02 10:53:38,665 INFO 12029 [egg-schedule]: register schedule /Users/yangfan/Desktop/yf/my-mall/mall-service/node_modules/egg-logrotator/app/schedule/clean_log.js
2019-04-02 10:53:38,665 INFO 12029 [egg-schedule]: register schedule /Users/yangfan/Desktop/yf/my-mall/mall-service/node_modules/egg-logrotator/app/schedule/rotate_by_file.js
2019-04-02 10:54:12,318 INFO 12037 [egg-schedule]: register schedule /Users/yangfan/Desktop/yf/my-mall/mall-service/node_modules/egg-logrotator/app/schedule/clean_log.js
2019-04-02 10:54:12,318 INFO 12037 [egg-schedule]: register schedule /Users/yangfan/Desktop/yf/my-mall/mall-service/node_modules/egg-logrotator/app/schedule/rotate_by_file.js
2019-04-02 10:55:14,221 INFO 12049 [egg-schedule]: register schedule /Users/yangfan/Desktop/yf/my-mall/mall-service/node_modules/egg-logrotator/app/schedule/clean_log.js
2019-04-02 10:55:14,221 INFO 12049 [egg-schedule]: register schedule /Users/yangfan/Desktop/yf/my-mall/mall-service/node_modules/egg-logrotator/app/schedule/rotate_by_file.js
2019-04-02 10:55:30,965 INFO 12056 [egg-schedule]: register schedule /Users/yangfan/Desktop/yf/my-mall/mall-service/node_modules/egg-logrotator/app/schedule/clean_log.js
2019-04-02 10:55:30,965 INFO 12056 [egg-schedule]: register schedule /Users/yangfan/Desktop/yf/my-mall/mall-service/node_modules/egg-logrotator/app/schedule/rotate_by_file.js
2019-04-02 10:55:51,093 INFO 12062 [egg-schedule]: register schedule /Users/yangfan/Desktop/yf/my-mall/mall-service/node_modules/egg-logrotator/app/schedule/clean_log.js
2019-04-02 10:55:51,093 INFO 12062 [egg-schedule]: register schedule /Users/yangfan/Desktop/yf/my-mall/mall-service/node_modules/egg-logrotator/app/schedule/rotate_by_file.js
2019-04-02 10:58:32,623 INFO 12078 [egg-schedule]: register schedule /Users/yangfan/Desktop/yf/my-mall/mall-service/node_modules/egg-logrotator/app/schedule/clean_log.js
2019-04-02 10:58:32,623 INFO 12078 [egg-schedule]: register schedule /Users/yangfan/Desktop/yf/my-mall/mall-service/node_modules/egg-logrotator/app/schedule/rotate_by_file.js
2019-04-02 10:58:39,306 INFO 12083 [egg-schedule]: register schedule /Users/yangfan/Desktop/yf/my-mall/mall-service/node_modules/egg-logrotator/app/schedule/clean_log.js
2019-04-02 10:58:39,306 INFO 12083 [egg-schedule]: register schedule /Users/yangfan/Desktop/yf/my-mall/mall-service/node_modules/egg-logrotator/app/schedule/rotate_by_file.js
2019-04-02 10:59:32,795 INFO 12086 [egg-schedule]: register schedule /Users/yangfan/Desktop/yf/my-mall/mall-service/node_modules/egg-logrotator/app/schedule/clean_log.js
2019-04-02 10:59:32,795 INFO 12086 [egg-schedule]: register schedule /Users/yangfan/Desktop/yf/my-mall/mall-service/node_modules/egg-logrotator/app/schedule/rotate_by_file.js
2019-04-02 11:06:16,351 INFO 12370 [egg-schedule]: register schedule /Users/yangfan/Desktop/yf/my-mall/mall-service/node_modules/egg-logrotator/app/schedule/clean_log.js
2019-04-02 11:06:16,351 INFO 12370 [egg-schedule]: register schedule /Users/yangfan/Desktop/yf/my-mall/mall-service/node_modules/egg-logrotator/app/schedule/rotate_by_file.js
2019-04-02 11:06:47,395 INFO 12384 [egg-schedule]: register schedule /Users/yangfan/Desktop/yf/my-mall/mall-service/node_modules/egg-logrotator/app/schedule/clean_log.js
2019-04-02 11:06:47,395 INFO 12384 [egg-schedule]: register schedule /Users/yangfan/Desktop/yf/my-mall/mall-service/node_modules/egg-logrotator/app/schedule/rotate_by_file.js
2019-04-02 11:06:48,861 INFO 12385 [egg-schedule]: register schedule /Users/yangfan/Desktop/yf/my-mall/mall-service/node_modules/egg-logrotator/app/schedule/clean_log.js
2019-04-02 11:06:48,862 INFO 12385 [egg-schedule]: register schedule /Users/yangfan/Desktop/yf/my-mall/mall-service/node_modules/egg-logrotator/app/schedule/rotate_by_file.js
2019-04-02 11:08:27,977 INFO 12414 [egg-schedule]: register schedule /Users/yangfan/Desktop/yf/my-mall/mall-service/node_modules/egg-logrotator/app/schedule/clean_log.js
2019-04-02 11:08:27,977 INFO 12414 [egg-schedule]: register schedule /Users/yangfan/Desktop/yf/my-mall/mall-service/node_modules/egg-logrotator/app/schedule/rotate_by_file.js
2019-04-02 11:10:00,197 INFO 12645 [egg-schedule]: register schedule /Users/yangfan/Desktop/yf/my-mall/mall-service/node_modules/egg-logrotator/app/schedule/clean_log.js
2019-04-02 11:10:00,197 INFO 12645 [egg-schedule]: register schedule /Users/yangfan/Desktop/yf/my-mall/mall-service/node_modules/egg-logrotator/app/schedule/rotate_by_file.js
2019-04-02 11:10:37,067 INFO 12651 [egg-schedule]: register schedule /Users/yangfan/Desktop/yf/my-mall/mall-service/node_modules/egg-logrotator/app/schedule/clean_log.js
2019-04-02 11:10:37,067 INFO 12651 [egg-schedule]: register schedule /Users/yangfan/Desktop/yf/my-mall/mall-service/node_modules/egg-logrotator/app/schedule/rotate_by_file.js
2019-04-02 11:11:08,895 INFO 12657 [egg-schedule]: register schedule /Users/yangfan/Desktop/yf/my-mall/mall-service/node_modules/egg-logrotator/app/schedule/clean_log.js
2019-04-02 11:11:08,895 INFO 12657 [egg-schedule]: register schedule /Users/yangfan/Desktop/yf/my-mall/mall-service/node_modules/egg-logrotator/app/schedule/rotate_by_file.js
2019-04-02 11:12:32,272 INFO 12668 [egg-schedule]: register schedule /Users/yangfan/Desktop/yf/my-mall/mall-service/node_modules/egg-logrotator/app/schedule/clean_log.js
2019-04-02 11:12:32,272 INFO 12668 [egg-schedule]: register schedule /Users/yangfan/Desktop/yf/my-mall/mall-service/node_modules/egg-logrotator/app/schedule/rotate_by_file.js
2019-04-02 11:13:17,150 INFO 12676 [egg-schedule]: register schedule /Users/yangfan/Desktop/yf/my-mall/mall-service/node_modules/egg-logrotator/app/schedule/clean_log.js
2019-04-02 11:13:17,150 INFO 12676 [egg-schedule]: register schedule /Users/yangfan/Desktop/yf/my-mall/mall-service/node_modules/egg-logrotator/app/schedule/rotate_by_file.js
2019-04-02 11:13:30,857 INFO 12679 [egg-schedule]: register schedule /Users/yangfan/Desktop/yf/my-mall/mall-service/node_modules/egg-logrotator/app/schedule/clean_log.js
2019-04-02 11:13:30,857 INFO 12679 [egg-schedule]: register schedule /Users/yangfan/Desktop/yf/my-mall/mall-service/node_modules/egg-logrotator/app/schedule/rotate_by_file.js
2019-04-02 11:13:41,006 INFO 12681 [egg-schedule]: register schedule /Users/yangfan/Desktop/yf/my-mall/mall-service/node_modules/egg-logrotator/app/schedule/clean_log.js
2019-04-02 11:13:41,006 INFO 12681 [egg-schedule]: register schedule /Users/yangfan/Desktop/yf/my-mall/mall-service/node_modules/egg-logrotator/app/schedule/rotate_by_file.js
2019-04-02 11:14:11,222 INFO 12684 [egg-schedule]: register schedule /Users/yangfan/Desktop/yf/my-mall/mall-service/node_modules/egg-logrotator/app/schedule/clean_log.js
2019-04-02 11:14:11,222 INFO 12684 [egg-schedule]: register schedule /Users/yangfan/Desktop/yf/my-mall/mall-service/node_modules/egg-logrotator/app/schedule/rotate_by_file.js
2019-04-02 11:15:10,463 INFO 12693 [egg-schedule]: register schedule /Users/yangfan/Desktop/yf/my-mall/mall-service/node_modules/egg-logrotator/app/schedule/clean_log.js
2019-04-02 11:15:10,463 INFO 12693 [egg-schedule]: register schedule /Users/yangfan/Desktop/yf/my-mall/mall-service/node_modules/egg-logrotator/app/schedule/rotate_by_file.js
2019-04-02 11:15:31,948 INFO 12694 [egg-schedule]: register schedule /Users/yangfan/Desktop/yf/my-mall/mall-service/node_modules/egg-logrotator/app/schedule/clean_log.js
2019-04-02 11:15:31,948 INFO 12694 [egg-schedule]: register schedule /Users/yangfan/Desktop/yf/my-mall/mall-service/node_modules/egg-logrotator/app/schedule/rotate_by_file.js
2019-04-02 11:15:42,808 INFO 12696 [egg-schedule]: register schedule /Users/yangfan/Desktop/yf/my-mall/mall-service/node_modules/egg-logrotator/app/schedule/clean_log.js
2019-04-02 11:15:42,808 INFO 12696 [egg-schedule]: register schedule /Users/yangfan/Desktop/yf/my-mall/mall-service/node_modules/egg-logrotator/app/schedule/rotate_by_file.js
2019-04-02 11:16:02,234 INFO 12701 [egg-schedule]: register schedule /Users/yangfan/Desktop/yf/my-mall/mall-service/node_modules/egg-logrotator/app/schedule/clean_log.js
2019-04-02 11:16:02,234 INFO 12701 [egg-schedule]: register schedule /Users/yangfan/Desktop/yf/my-mall/mall-service/node_modules/egg-logrotator/app/schedule/rotate_by_file.js
2019-04-02 11:16:26,692 INFO 12708 [egg-schedule]: register schedule /Users/yangfan/Desktop/yf/my-mall/mall-service/node_modules/egg-logrotator/app/schedule/clean_log.js
2019-04-02 11:16:26,692 INFO 12708 [egg-schedule]: register schedule /Users/yangfan/Desktop/yf/my-mall/mall-service/node_modules/egg-logrotator/app/schedule/rotate_by_file.js
2019-04-02 11:18:12,744 INFO 12721 [egg-schedule]: register schedule /Users/yangfan/Desktop/yf/my-mall/mall-service/node_modules/egg-logrotator/app/schedule/clean_log.js
2019-04-02 11:18:12,744 INFO 12721 [egg-schedule]: register schedule /Users/yangfan/Desktop/yf/my-mall/mall-service/node_modules/egg-logrotator/app/schedule/rotate_by_file.js
2019-04-02 11:18:13,903 INFO 12722 [egg-schedule]: register schedule /Users/yangfan/Desktop/yf/my-mall/mall-service/node_modules/egg-logrotator/app/schedule/clean_log.js
2019-04-02 11:18:13,903 INFO 12722 [egg-schedule]: register schedule /Users/yangfan/Desktop/yf/my-mall/mall-service/node_modules/egg-logrotator/app/schedule/rotate_by_file.js
2019-04-02 11:18:23,800 INFO 12723 [egg-schedule]: register schedule /Users/yangfan/Desktop/yf/my-mall/mall-service/node_modules/egg-logrotator/app/schedule/clean_log.js
2019-04-02 11:18:23,801 INFO 12723 [egg-schedule]: register schedule /Users/yangfan/Desktop/yf/my-mall/mall-service/node_modules/egg-logrotator/app/schedule/rotate_by_file.js
2019-04-02 11:18:25,096 INFO 12724 [egg-schedule]: register schedule /Users/yangfan/Desktop/yf/my-mall/mall-service/node_modules/egg-logrotator/app/schedule/clean_log.js
2019-04-02 11:18:25,096 INFO 12724 [egg-schedule]: register schedule /Users/yangfan/Desktop/yf/my-mall/mall-service/node_modules/egg-logrotator/app/schedule/rotate_by_file.js
2019-04-02 11:19:08,293 INFO 12727 [egg-schedule]: register schedule /Users/yangfan/Desktop/yf/my-mall/mall-service/node_modules/egg-logrotator/app/schedule/clean_log.js
2019-04-02 11:19:08,293 INFO 12727 [egg-schedule]: register schedule /Users/yangfan/Desktop/yf/my-mall/mall-service/node_modules/egg-logrotator/app/schedule/rotate_by_file.js
2019-04-02 11:20:34,857 INFO 12738 [egg-schedule]: register schedule /Users/yangfan/Desktop/yf/my-mall/mall-service/node_modules/egg-logrotator/app/schedule/clean_log.js
2019-04-02 11:20:34,857 INFO 12738 [egg-schedule]: register schedule /Users/yangfan/Desktop/yf/my-mall/mall-service/node_modules/egg-logrotator/app/schedule/rotate_by_file.js
2019-04-02 11:21:35,876 INFO 12747 [egg-schedule]: register schedule /Users/yangfan/Desktop/yf/my-mall/mall-service/node_modules/egg-logrotator/app/schedule/clean_log.js
2019-04-02 11:21:35,876 INFO 12747 [egg-schedule]: register schedule /Users/yangfan/Desktop/yf/my-mall/mall-service/node_modules/egg-logrotator/app/schedule/rotate_by_file.js
2019-04-02 11:22:03,017 INFO 12753 [egg-schedule]: register schedule /Users/yangfan/Desktop/yf/my-mall/mall-service/node_modules/egg-logrotator/app/schedule/clean_log.js
2019-04-02 11:22:03,017 INFO 12753 [egg-schedule]: register schedule /Users/yangfan/Desktop/yf/my-mall/mall-service/node_modules/egg-logrotator/app/schedule/rotate_by_file.js
2019-04-02 11:22:39,451 INFO 12758 [egg-schedule]: register schedule /Users/yangfan/Desktop/yf/my-mall/mall-service/node_modules/egg-logrotator/app/schedule/clean_log.js
2019-04-02 11:22:39,451 INFO 12758 [egg-schedule]: register schedule /Users/yangfan/Desktop/yf/my-mall/mall-service/node_modules/egg-logrotator/app/schedule/rotate_by_file.js
2019-04-02 11:23:11,616 INFO 12765 [egg-schedule]: register schedule /Users/yangfan/Desktop/yf/my-mall/mall-service/node_modules/egg-logrotator/app/schedule/clean_log.js
2019-04-02 11:23:11,616 INFO 12765 [egg-schedule]: register schedule /Users/yangfan/Desktop/yf/my-mall/mall-service/node_modules/egg-logrotator/app/schedule/rotate_by_file.js
2019-04-02 11:24:14,636 INFO 12769 [egg-schedule]: register schedule /Users/yangfan/Desktop/yf/my-mall/mall-service/node_modules/egg-logrotator/app/schedule/clean_log.js
2019-04-02 11:24:14,636 INFO 12769 [egg-schedule]: register schedule /Users/yangfan/Desktop/yf/my-mall/mall-service/node_modules/egg-logrotator/app/schedule/rotate_by_file.js
2019-04-02 11:25:34,136 INFO 12779 [egg-schedule]: register schedule /Users/yangfan/Desktop/yf/my-mall/mall-service/node_modules/egg-logrotator/app/schedule/clean_log.js
2019-04-02 11:25:34,136 INFO 12779 [egg-schedule]: register schedule /Users/yangfan/Desktop/yf/my-mall/mall-service/node_modules/egg-logrotator/app/schedule/rotate_by_file.js
2019-04-02 11:25:48,970 INFO 12786 [egg-schedule]: register schedule /Users/yangfan/Desktop/yf/my-mall/mall-service/node_modules/egg-logrotator/app/schedule/clean_log.js
2019-04-02 11:25:48,970 INFO 12786 [egg-schedule]: register schedule /Users/yangfan/Desktop/yf/my-mall/mall-service/node_modules/egg-logrotator/app/schedule/rotate_by_file.js
2019-04-02 11:26:19,784 INFO 12797 [egg-schedule]: register schedule /Users/yangfan/Desktop/yf/my-mall/mall-service/node_modules/egg-logrotator/app/schedule/clean_log.js
2019-04-02 11:26:19,784 INFO 12797 [egg-schedule]: register schedule /Users/yangfan/Desktop/yf/my-mall/mall-service/node_modules/egg-logrotator/app/schedule/rotate_by_file.js
2019-04-02 11:26:31,812 INFO 12800 [egg-schedule]: register schedule /Users/yangfan/Desktop/yf/my-mall/mall-service/node_modules/egg-logrotator/app/schedule/clean_log.js
2019-04-02 11:26:31,812 INFO 12800 [egg-schedule]: register schedule /Users/yangfan/Desktop/yf/my-mall/mall-service/node_modules/egg-logrotator/app/schedule/rotate_by_file.js
2019-04-02 11:26:59,625 INFO 12809 [egg-schedule]: register schedule /Users/yangfan/Desktop/yf/my-mall/mall-service/node_modules/egg-logrotator/app/schedule/clean_log.js
2019-04-02 11:26:59,625 INFO 12809 [egg-schedule]: register schedule /Users/yangfan/Desktop/yf/my-mall/mall-service/node_modules/egg-logrotator/app/schedule/rotate_by_file.js
2019-04-02 11:27:22,837 INFO 12814 [egg-schedule]: register schedule /Users/yangfan/Desktop/yf/my-mall/mall-service/node_modules/egg-logrotator/app/schedule/clean_log.js
2019-04-02 11:27:22,837 INFO 12814 [egg-schedule]: register schedule /Users/yangfan/Desktop/yf/my-mall/mall-service/node_modules/egg-logrotator/app/schedule/rotate_by_file.js
2019-04-02 11:27:43,736 INFO 12816 [egg-schedule]: register schedule /Users/yangfan/Desktop/yf/my-mall/mall-service/node_modules/egg-logrotator/app/schedule/clean_log.js
2019-04-02 11:27:43,736 INFO 12816 [egg-schedule]: register schedule /Users/yangfan/Desktop/yf/my-mall/mall-service/node_modules/egg-logrotator/app/schedule/rotate_by_file.js
2019-04-02 11:29:10,842 INFO 12829 [egg-schedule]: register schedule /Users/yangfan/Desktop/yf/my-mall/mall-service/node_modules/egg-logrotator/app/schedule/clean_log.js
2019-04-02 11:29:10,842 INFO 12829 [egg-schedule]: register schedule /Users/yangfan/Desktop/yf/my-mall/mall-service/node_modules/egg-logrotator/app/schedule/rotate_by_file.js
2019-04-02 11:29:21,725 INFO 12834 [egg-schedule]: register schedule /Users/yangfan/Desktop/yf/my-mall/mall-service/node_modules/egg-logrotator/app/schedule/clean_log.js
2019-04-02 11:29:21,725 INFO 12834 [egg-schedule]: register schedule /Users/yangfan/Desktop/yf/my-mall/mall-service/node_modules/egg-logrotator/app/schedule/rotate_by_file.js
2019-04-02 11:30:29,384 INFO 12855 [egg-schedule]: register schedule /Users/yangfan/Desktop/yf/my-mall/mall-service/node_modules/egg-logrotator/app/schedule/clean_log.js
2019-04-02 11:30:29,384 INFO 12855 [egg-schedule]: register schedule /Users/yangfan/Desktop/yf/my-mall/mall-service/node_modules/egg-logrotator/app/schedule/rotate_by_file.js
2019-04-02 11:30:34,364 INFO 12856 [egg-schedule]: register schedule /Users/yangfan/Desktop/yf/my-mall/mall-service/node_modules/egg-logrotator/app/schedule/clean_log.js
2019-04-02 11:30:34,364 INFO 12856 [egg-schedule]: register schedule /Users/yangfan/Desktop/yf/my-mall/mall-service/node_modules/egg-logrotator/app/schedule/rotate_by_file.js
2019-04-02 11:31:08,214 INFO 12863 [egg-schedule]: register schedule /Users/yangfan/Desktop/yf/my-mall/mall-service/node_modules/egg-logrotator/app/schedule/clean_log.js
2019-04-02 11:31:08,214 INFO 12863 [egg-schedule]: register schedule /Users/yangfan/Desktop/yf/my-mall/mall-service/node_modules/egg-logrotator/app/schedule/rotate_by_file.js
2019-04-02 11:31:20,187 INFO 12868 [egg-schedule]: register schedule /Users/yangfan/Desktop/yf/my-mall/mall-service/node_modules/egg-logrotator/app/schedule/clean_log.js
2019-04-02 11:31:20,187 INFO 12868 [egg-schedule]: register schedule /Users/yangfan/Desktop/yf/my-mall/mall-service/node_modules/egg-logrotator/app/schedule/rotate_by_file.js
2019-04-02 11:31:29,703 INFO 12873 [egg-schedule]: register schedule /Users/yangfan/Desktop/yf/my-mall/mall-service/node_modules/egg-logrotator/app/schedule/clean_log.js
2019-04-02 11:31:29,703 INFO 12873 [egg-schedule]: register schedule /Users/yangfan/Desktop/yf/my-mall/mall-service/node_modules/egg-logrotator/app/schedule/rotate_by_file.js
2019-04-02 11:31:53,212 INFO 12879 [egg-schedule]: register schedule /Users/yangfan/Desktop/yf/my-mall/mall-service/node_modules/egg-logrotator/app/schedule/clean_log.js
2019-04-02 11:31:53,212 INFO 12879 [egg-schedule]: register schedule /Users/yangfan/Desktop/yf/my-mall/mall-service/node_modules/egg-logrotator/app/schedule/rotate_by_file.js
2019-04-02 11:33:55,766 INFO 12886 [egg-schedule]: register schedule /Users/yangfan/Desktop/yf/my-mall/mall-service/node_modules/egg-logrotator/app/schedule/clean_log.js
2019-04-02 11:33:55,766 INFO 12886 [egg-schedule]: register schedule /Users/yangfan/Desktop/yf/my-mall/mall-service/node_modules/egg-logrotator/app/schedule/rotate_by_file.js
2019-04-02 11:34:14,851 INFO 12893 [egg-schedule]: register schedule /Users/yangfan/Desktop/yf/my-mall/mall-service/node_modules/egg-logrotator/app/schedule/clean_log.js
2019-04-02 11:34:14,851 INFO 12893 [egg-schedule]: register schedule /Users/yangfan/Desktop/yf/my-mall/mall-service/node_modules/egg-logrotator/app/schedule/rotate_by_file.js
2019-04-02 11:34:33,778 INFO 12900 [egg-schedule]: register schedule /Users/yangfan/Desktop/yf/my-mall/mall-service/node_modules/egg-logrotator/app/schedule/clean_log.js
2019-04-02 11:34:33,778 INFO 12900 [egg-schedule]: register schedule /Users/yangfan/Desktop/yf/my-mall/mall-service/node_modules/egg-logrotator/app/schedule/rotate_by_file.js
2019-04-02 11:35:01,534 INFO 12905 [egg-schedule]: register schedule /Users/yangfan/Desktop/yf/my-mall/mall-service/node_modules/egg-logrotator/app/schedule/clean_log.js
2019-04-02 11:35:01,534 INFO 12905 [egg-schedule]: register schedule /Users/yangfan/Desktop/yf/my-mall/mall-service/node_modules/egg-logrotator/app/schedule/rotate_by_file.js
2019-04-02 11:35:07,698 INFO 12906 [egg-schedule]: register schedule /Users/yangfan/Desktop/yf/my-mall/mall-service/node_modules/egg-logrotator/app/schedule/clean_log.js
2019-04-02 11:35:07,698 INFO 12906 [egg-schedule]: register schedule /Users/yangfan/Desktop/yf/my-mall/mall-service/node_modules/egg-logrotator/app/schedule/rotate_by_file.js
2019-04-02 11:35:17,569 INFO 12911 [egg-schedule]: register schedule /Users/yangfan/Desktop/yf/my-mall/mall-service/node_modules/egg-logrotator/app/schedule/clean_log.js
2019-04-02 11:35:17,569 INFO 12911 [egg-schedule]: register schedule /Users/yangfan/Desktop/yf/my-mall/mall-service/node_modules/egg-logrotator/app/schedule/rotate_by_file.js
2019-04-02 11:35:54,285 INFO 12921 [egg-schedule]: register schedule /Users/yangfan/Desktop/yf/my-mall/mall-service/node_modules/egg-logrotator/app/schedule/clean_log.js
2019-04-02 11:35:54,285 INFO 12921 [egg-schedule]: register schedule /Users/yangfan/Desktop/yf/my-mall/mall-service/node_modules/egg-logrotator/app/schedule/rotate_by_file.js
2019-04-02 11:37:22,044 INFO 12926 [egg-schedule]: register schedule /Users/yangfan/Desktop/yf/my-mall/mall-service/node_modules/egg-logrotator/app/schedule/clean_log.js
2019-04-02 11:37:22,044 INFO 12926 [egg-schedule]: register schedule /Users/yangfan/Desktop/yf/my-mall/mall-service/node_modules/egg-logrotator/app/schedule/rotate_by_file.js
2019-04-02 11:37:37,129 INFO 12931 [egg-schedule]: register schedule /Users/yangfan/Desktop/yf/my-mall/mall-service/node_modules/egg-logrotator/app/schedule/clean_log.js
2019-04-02 11:37:37,129 INFO 12931 [egg-schedule]: register schedule /Users/yangfan/Desktop/yf/my-mall/mall-service/node_modules/egg-logrotator/app/schedule/rotate_by_file.js
2019-04-02 11:40:48,936 INFO 12940 [egg-schedule]: register schedule /Users/yangfan/Desktop/yf/my-mall/mall-service/node_modules/egg-logrotator/app/schedule/clean_log.js
2019-04-02 11:40:48,936 INFO 12940 [egg-schedule]: register schedule /Users/yangfan/Desktop/yf/my-mall/mall-service/node_modules/egg-logrotator/app/schedule/rotate_by_file.js
2019-04-02 11:43:30,796 INFO 12955 [egg-schedule]: register schedule /Users/yangfan/Desktop/yf/my-mall/mall-service/node_modules/egg-logrotator/app/schedule/clean_log.js
2019-04-02 11:43:30,796 INFO 12955 [egg-schedule]: register schedule /Users/yangfan/Desktop/yf/my-mall/mall-service/node_modules/egg-logrotator/app/schedule/rotate_by_file.js
2019-04-02 11:44:31,529 INFO 12960 [egg-schedule]: register schedule /Users/yangfan/Desktop/yf/my-mall/mall-service/node_modules/egg-logrotator/app/schedule/clean_log.js
2019-04-02 11:44:31,529 INFO 12960 [egg-schedule]: register schedule /Users/yangfan/Desktop/yf/my-mall/mall-service/node_modules/egg-logrotator/app/schedule/rotate_by_file.js
2019-04-02 11:45:11,324 INFO 12967 [egg-schedule]: register schedule /Users/yangfan/Desktop/yf/my-mall/mall-service/node_modules/egg-logrotator/app/schedule/clean_log.js
2019-04-02 11:45:11,324 INFO 12967 [egg-schedule]: register schedule /Users/yangfan/Desktop/yf/my-mall/mall-service/node_modules/egg-logrotator/app/schedule/rotate_by_file.js
2019-04-02 13:31:08,746 INFO 13260 [egg-schedule]: register schedule /Users/yangfan/Desktop/yf/my-mall/mall-service/node_modules/egg-logrotator/app/schedule/clean_log.js
2019-04-02 13:31:08,746 INFO 13260 [egg-schedule]: register schedule /Users/yangfan/Desktop/yf/my-mall/mall-service/node_modules/egg-logrotator/app/schedule/rotate_by_file.js
2019-04-15 11:09:23,173 INFO 2453 [egg-schedule]: register schedule /Users/yangfan/Desktop/yf/my-mall/mall-service/node_modules/egg-logrotator/app/schedule/clean_log.js
2019-04-15 11:09:23,173 INFO 2453 [egg-schedule]: register schedule /Users/yangfan/Desktop/yf/my-mall/mall-service/node_modules/egg-logrotator/app/schedule/rotate_by_file.js
2019-04-15 11:10:38,059 INFO 2479 [Timer] /Users/yangfan/Desktop/yf/my-mall/mall-service/node_modules/egg-logrotator/app/schedule/clean_log.js next time will execute after 46161942ms at 2019-04-16 00:00:00.001
2019-04-15 11:10:38,060 INFO 2479 [Timer] /Users/yangfan/Desktop/yf/my-mall/mall-service/node_modules/egg-logrotator/app/schedule/rotate_by_file.js next time will execute after 46162940ms at 2019-04-16 00:00:01.000
2019-04-15 11:10:37,676 INFO 2484 [egg-schedule]: register schedule /Users/yangfan/Desktop/yf/my-mall/mall-service/node_modules/egg-logrotator/app/schedule/clean_log.js
2019-04-15 11:10:37,676 INFO 2484 [egg-schedule]: register schedule /Users/yangfan/Desktop/yf/my-mall/mall-service/node_modules/egg-logrotator/app/schedule/rotate_by_file.js
2019-04-15 11:12:58,145 INFO 2899 [egg-schedule]: register schedule /Users/yangfan/Desktop/yf/my-mall/mall-service/node_modules/egg-logrotator/app/schedule/clean_log.js
2019-04-15 11:12:58,145 INFO 2899 [egg-schedule]: register schedule /Users/yangfan/Desktop/yf/my-mall/mall-service/node_modules/egg-logrotator/app/schedule/rotate_by_file.js
2019-04-15 11:18:43,721 INFO 2967 [egg-schedule]: register schedule /Users/yangfan/Desktop/yf/my-mall/mall-service/node_modules/egg-logrotator/app/schedule/clean_log.js
2019-04-15 11:18:43,721 INFO 2967 [egg-schedule]: register schedule /Users/yangfan/Desktop/yf/my-mall/mall-service/node_modules/egg-logrotator/app/schedule/rotate_by_file.js
2019-04-15 11:19:07,943 INFO 2981 [egg-schedule]: register schedule /Users/yangfan/Desktop/yf/my-mall/mall-service/node_modules/egg-logrotator/app/schedule/clean_log.js
2019-04-15 11:19:07,943 INFO 2981 [egg-schedule]: register schedule /Users/yangfan/Desktop/yf/my-mall/mall-service/node_modules/egg-logrotator/app/schedule/rotate_by_file.js
2019-04-15 11:19:08,389 INFO 2980 [Timer] /Users/yangfan/Desktop/yf/my-mall/mall-service/node_modules/egg-logrotator/app/schedule/clean_log.js next time will execute after 45651615ms at 2019-04-16 00:00:00.004
2019-04-15 11:19:08,390 INFO 2980 [Timer] /Users/yangfan/Desktop/yf/my-mall/mall-service/node_modules/egg-logrotator/app/schedule/rotate_by_file.js next time will execute after 45652611ms at 2019-04-16 00:00:01.001
2019-04-15 11:20:50,568 INFO 2992 [egg-schedule]: register schedule /Users/yangfan/Desktop/yf/my-mall/mall-service/node_modules/egg-logrotator/app/schedule/clean_log.js
2019-04-15 11:20:50,569 INFO 2992 [egg-schedule]: register schedule /Users/yangfan/Desktop/yf/my-mall/mall-service/node_modules/egg-logrotator/app/schedule/rotate_by_file.js
2019-04-15 11:22:04,620 INFO 3022 [egg-schedule]: register schedule /Users/yangfan/Desktop/yf/my-mall/mall-service/node_modules/egg-logrotator/app/schedule/clean_log.js
2019-04-15 11:22:04,620 INFO 3022 [egg-schedule]: register schedule /Users/yangfan/Desktop/yf/my-mall/mall-service/node_modules/egg-logrotator/app/schedule/rotate_by_file.js
2019-04-15 11:29:11,418 INFO 3094 [egg-schedule]: register schedule /Users/yangfan/Desktop/yf/my-mall/mall-service/node_modules/egg-logrotator/app/schedule/clean_log.js
2019-04-15 11:29:11,418 INFO 3094 [egg-schedule]: register schedule /Users/yangfan/Desktop/yf/my-mall/mall-service/node_modules/egg-logrotator/app/schedule/rotate_by_file.js
2019-04-15 11:29:21,514 INFO 3099 [egg-schedule]: register schedule /Users/yangfan/Desktop/yf/my-mall/mall-service/node_modules/egg-logrotator/app/schedule/clean_log.js
2019-04-15 11:29:21,514 INFO 3099 [egg-schedule]: register schedule /Users/yangfan/Desktop/yf/my-mall/mall-service/node_modules/egg-logrotator/app/schedule/rotate_by_file.js
2019-04-15 11:29:28,942 INFO 3103 [egg-schedule]: register schedule /Users/yangfan/Desktop/yf/my-mall/mall-service/node_modules/egg-logrotator/app/schedule/clean_log.js
2019-04-15 11:29:28,943 INFO 3103 [egg-schedule]: register schedule /Users/yangfan/Desktop/yf/my-mall/mall-service/node_modules/egg-logrotator/app/schedule/rotate_by_file.js
2019-04-15 11:38:56,039 INFO 3175 [Timer] /Users/yangfan/Desktop/yf/my-mall/mall-service/node_modules/egg-logrotator/app/schedule/clean_log.js next time will execute after 44463963ms at 2019-04-16 00:00:00.002
2019-04-15 11:38:56,040 INFO 3175 [Timer] /Users/yangfan/Desktop/yf/my-mall/mall-service/node_modules/egg-logrotator/app/schedule/rotate_by_file.js next time will execute after 44464961ms at 2019-04-16 00:00:01.001
2019-04-15 11:38:55,578 INFO 3176 [egg-schedule]: register schedule /Users/yangfan/Desktop/yf/my-mall/mall-service/node_modules/egg-logrotator/app/schedule/clean_log.js
2019-04-15 11:38:55,578 INFO 3176 [egg-schedule]: register schedule /Users/yangfan/Desktop/yf/my-mall/mall-service/node_modules/egg-logrotator/app/schedule/rotate_by_file.js
